c:\users\leovo\documents\learn\数据结构\dsa\vector\debug\vector.pch
c:\users\leovo\documents\learn\数据结构\dsa\vector\debug\vc140.pdb
c:\users\leovo\documents\learn\数据结构\dsa\vector\debug\stdafx.obj
c:\users\leovo\documents\learn\数据结构\dsa\vector\debug\vector.obj
c:\users\leovo\documents\learn\数据结构\dsa\vector\debug\assemblyinfo.obj
c:\users\leovo\documents\learn\数据结构\dsa\vector\debug\.netframework,version=v4.5.2.assemblyattributes.obj
c:\users\leovo\documents\learn\数据结构\dsa\vector\debug\.netframework,version=v4.5.2.assemblyattributes.asm
c:\users\leovo\documents\learn\数据结构\dsa\debug\vector.exe
c:\users\leovo\documents\learn\数据结构\dsa\debug\vector.pdb
c:\users\leovo\documents\learn\数据结构\dsa\vector\debug\app.res
c:\users\leovo\documents\learn\数据结构\dsa\vector\debug\vector.tlog\cl.command.1.tlog
c:\users\leovo\documents\learn\数据结构\dsa\vector\debug\vector.tlog\cl.read.1.tlog
c:\users\leovo\documents\learn\数据结构\dsa\vector\debug\vector.tlog\cl.write.1.tlog
c:\users\leovo\documents\learn\数据结构\dsa\vector\debug\vector.tlog\link.command.1.tlog
c:\users\leovo\documents\learn\数据结构\dsa\vector\debug\vector.tlog\link.read.1.tlog
c:\users\leovo\documents\learn\数据结构\dsa\vector\debug\vector.tlog\link.write.1.tlog
c:\users\leovo\documents\learn\数据结构\dsa\vector\debug\vector.tlog\metagen.read.1.tlog
c:\users\leovo\documents\learn\数据结构\dsa\vector\debug\vector.tlog\metagen.write.1.tlog
c:\users\leovo\documents\learn\数据结构\dsa\vector\debug\vector.tlog\rc.command.1.tlog
c:\users\leovo\documents\learn\数据结构\dsa\vector\debug\vector.tlog\rc.read.1.tlog
c:\users\leovo\documents\learn\数据结构\dsa\vector\debug\vector.tlog\rc.write.1.tlog
c:\users\leovo\documents\learn\数据结构\dsa\vector\debug\vector.tlog\tzres.dll.bi
